{
  "/Users/eme/Desktop/DEV/Charlitas/TechTalk-Storybook/react-lib/src/components/Input/Input.tsx": {
    "path": "/Users/eme/Desktop/DEV/Charlitas/TechTalk-Storybook/react-lib/src/components/Input/Input.tsx",
    "statementMap": {
      "0": {
        "start": {
          "line": 5,
          "column": 20
        },
        "end": {
          "line": 22,
          "column": 1
        }
      },
      "1": {
        "start": {
          "line": 11,
          "column": 6
        },
        "end": {
          "line": 17,
          "column": 19
        }
      },
      "2": {
        "start": {
          "line": 24,
          "column": 20
        },
        "end": {
          "line": 28,
          "column": 1
        }
      },
      "3": {
        "start": {
          "line": 26,
          "column": 23
        },
        "end": {
          "line": 26,
          "column": 61
        }
      },
      "4": {
        "start": {
          "line": 30,
          "column": 22
        },
        "end": {
          "line": 34,
          "column": 1
        }
      },
      "5": {
        "start": {
          "line": 36,
          "column": 19
        },
        "end": {
          "line": 40,
          "column": 1
        }
      },
      "6": {
        "start": {
          "line": 39,
          "column": 4
        },
        "end": {
          "line": 39,
          "column": 68
        }
      },
      "7": {
        "start": {
          "line": 42,
          "column": 30
        },
        "end": {
          "line": 72,
          "column": 1
        }
      },
      "8": {
        "start": {
          "line": 52,
          "column": 2
        },
        "end": {
          "line": 71,
          "column": 4
        }
      }
    },
    "fnMap": {
      "0": {
        "name": "(anonymous_0)",
        "decl": {
          "start": {
            "line": 10,
            "column": 6
          },
          "end": {
            "line": 10,
            "column": 7
          }
        },
        "loc": {
          "start": {
            "line": 11,
            "column": 6
          },
          "end": {
            "line": 17,
            "column": 19
          }
        },
        "line": 11
      },
      "1": {
        "name": "(anonymous_1)",
        "decl": {
          "start": {
            "line": 26,
            "column": 11
          },
          "end": {
            "line": 26,
            "column": 12
          }
        },
        "loc": {
          "start": {
            "line": 26,
            "column": 23
          },
          "end": {
            "line": 26,
            "column": 61
          }
        },
        "line": 26
      },
      "2": {
        "name": "(anonymous_2)",
        "decl": {
          "start": {
            "line": 38,
            "column": 11
          },
          "end": {
            "line": 38,
            "column": 12
          }
        },
        "loc": {
          "start": {
            "line": 39,
            "column": 4
          },
          "end": {
            "line": 39,
            "column": 68
          }
        },
        "line": 39
      },
      "3": {
        "name": "(anonymous_3)",
        "decl": {
          "start": {
            "line": 42,
            "column": 30
          },
          "end": {
            "line": 42,
            "column": 31
          }
        },
        "loc": {
          "start": {
            "line": 51,
            "column": 6
          },
          "end": {
            "line": 72,
            "column": 1
          }
        },
        "line": 51
      }
    },
    "branchMap": {
      "0": {
        "loc": {
          "start": {
            "line": 11,
            "column": 6
          },
          "end": {
            "line": 17,
            "column": 19
          }
        },
        "type": "cond-expr",
        "locations": [
          {
            "start": {
              "line": 12,
              "column": 10
            },
            "end": {
              "line": 12,
              "column": 19
            }
          },
          {
            "start": {
              "line": 13,
              "column": 10
            },
            "end": {
              "line": 17,
              "column": 19
            }
          }
        ],
        "line": 11
      },
      "1": {
        "loc": {
          "start": {
            "line": 13,
            "column": 10
          },
          "end": {
            "line": 17,
            "column": 19
          }
        },
        "type": "cond-expr",
        "locations": [
          {
            "start": {
              "line": 14,
              "column": 10
            },
            "end": {
              "line": 14,
              "column": 19
            }
          },
          {
            "start": {
              "line": 15,
              "column": 10
            },
            "end": {
              "line": 17,
              "column": 19
            }
          }
        ],
        "line": 13
      },
      "2": {
        "loc": {
          "start": {
            "line": 15,
            "column": 10
          },
          "end": {
            "line": 17,
            "column": 19
          }
        },
        "type": "cond-expr",
        "locations": [
          {
            "start": {
              "line": 16,
              "column": 10
            },
            "end": {
              "line": 16,
              "column": 19
            }
          },
          {
            "start": {
              "line": 17,
              "column": 10
            },
            "end": {
              "line": 17,
              "column": 19
            }
          }
        ],
        "line": 15
      },
      "3": {
        "loc": {
          "start": {
            "line": 26,
            "column": 23
          },
          "end": {
            "line": 26,
            "column": 61
          }
        },
        "type": "cond-expr",
        "locations": [
          {
            "start": {
              "line": 26,
              "column": 40
            },
            "end": {
              "line": 26,
              "column": 49
            }
          },
          {
            "start": {
              "line": 26,
              "column": 52
            },
            "end": {
              "line": 26,
              "column": 61
            }
          }
        ],
        "line": 26
      },
      "4": {
        "loc": {
          "start": {
            "line": 39,
            "column": 4
          },
          "end": {
            "line": 39,
            "column": 68
          }
        },
        "type": "cond-expr",
        "locations": [
          {
            "start": {
              "line": 39,
              "column": 21
            },
            "end": {
              "line": 39,
              "column": 30
            }
          },
          {
            "start": {
              "line": 39,
              "column": 33
            },
            "end": {
              "line": 39,
              "column": 68
            }
          }
        ],
        "line": 39
      },
      "5": {
        "loc": {
          "start": {
            "line": 39,
            "column": 33
          },
          "end": {
            "line": 39,
            "column": 68
          }
        },
        "type": "cond-expr",
        "locations": [
          {
            "start": {
              "line": 39,
              "column": 47
            },
            "end": {
              "line": 39,
              "column": 56
            }
          },
          {
            "start": {
              "line": 39,
              "column": 59
            },
            "end": {
              "line": 39,
              "column": 68
            }
          }
        ],
        "line": 39
      }
    },
    "s": {
      "0": 5,
      "1": 14,
      "2": 5,
      "3": 14,
      "4": 5,
      "5": 5,
      "6": 28,
      "7": 5,
      "8": 14
    },
    "f": {
      "0": 14,
      "1": 14,
      "2": 28,
      "3": 14
    },
    "b": {
      "0": [
        2,
        12
      ],
      "1": [
        3,
        9
      ],
      "2": [
        4,
        5
      ],
      "3": [
        0,
        14
      ],
      "4": [
        2,
        26
      ],
      "5": [
        6,
        20
      ]
    },
    "_coverageSchema": "1a1c01bbd47fc00a2c39e90264f33305004495a9",
    "hash": "3291e352cf21e1573edd57cff6194a720b4cded7"
  },
  "/Users/eme/Desktop/DEV/Charlitas/TechTalk-Storybook/react-lib/src/components/Button/Button.tsx": {
    "path": "/Users/eme/Desktop/DEV/Charlitas/TechTalk-Storybook/react-lib/src/components/Button/Button.tsx",
    "statementMap": {
      "0": {
        "start": {
          "line": 6,
          "column": 21
        },
        "end": {
          "line": 36,
          "column": 1
        }
      },
      "1": {
        "start": {
          "line": 15,
          "column": 4
        },
        "end": {
          "line": 19,
          "column": 24
        }
      },
      "2": {
        "start": {
          "line": 20,
          "column": 23
        },
        "end": {
          "line": 20,
          "column": 34
        }
      },
      "3": {
        "start": {
          "line": 21,
          "column": 34
        },
        "end": {
          "line": 21,
          "column": 71
        }
      },
      "4": {
        "start": {
          "line": 23,
          "column": 25
        },
        "end": {
          "line": 23,
          "column": 49
        }
      },
      "5": {
        "start": {
          "line": 25,
          "column": 36
        },
        "end": {
          "line": 25,
          "column": 73
        }
      },
      "6": {
        "start": {
          "line": 30,
          "column": 6
        },
        "end": {
          "line": 34,
          "column": 26
        }
      },
      "7": {
        "start": {
          "line": 38,
          "column": 38
        },
        "end": {
          "line": 57,
          "column": 1
        }
      },
      "8": {
        "start": {
          "line": 46,
          "column": 4
        },
        "end": {
          "line": 56,
          "column": 6
        }
      }
    },
    "fnMap": {
      "0": {
        "name": "(anonymous_0)",
        "decl": {
          "start": {
            "line": 14,
            "column": 13
          },
          "end": {
            "line": 14,
            "column": 14
          }
        },
        "loc": {
          "start": {
            "line": 15,
            "column": 4
          },
          "end": {
            "line": 19,
            "column": 24
          }
        },
        "line": 15
      },
      "1": {
        "name": "(anonymous_1)",
        "decl": {
          "start": {
            "line": 20,
            "column": 11
          },
          "end": {
            "line": 20,
            "column": 12
          }
        },
        "loc": {
          "start": {
            "line": 20,
            "column": 23
          },
          "end": {
            "line": 20,
            "column": 34
          }
        },
        "line": 20
      },
      "2": {
        "name": "(anonymous_2)",
        "decl": {
          "start": {
            "line": 21,
            "column": 22
          },
          "end": {
            "line": 21,
            "column": 23
          }
        },
        "loc": {
          "start": {
            "line": 21,
            "column": 34
          },
          "end": {
            "line": 21,
            "column": 71
          }
        },
        "line": 21
      },
      "3": {
        "name": "(anonymous_3)",
        "decl": {
          "start": {
            "line": 23,
            "column": 13
          },
          "end": {
            "line": 23,
            "column": 14
          }
        },
        "loc": {
          "start": {
            "line": 23,
            "column": 25
          },
          "end": {
            "line": 23,
            "column": 49
          }
        },
        "line": 23
      },
      "4": {
        "name": "(anonymous_4)",
        "decl": {
          "start": {
            "line": 25,
            "column": 24
          },
          "end": {
            "line": 25,
            "column": 25
          }
        },
        "loc": {
          "start": {
            "line": 25,
            "column": 36
          },
          "end": {
            "line": 25,
            "column": 73
          }
        },
        "line": 25
      },
      "5": {
        "name": "(anonymous_5)",
        "decl": {
          "start": {
            "line": 29,
            "column": 15
          },
          "end": {
            "line": 29,
            "column": 16
          }
        },
        "loc": {
          "start": {
            "line": 30,
            "column": 6
          },
          "end": {
            "line": 34,
            "column": 26
          }
        },
        "line": 30
      },
      "6": {
        "name": "(anonymous_6)",
        "decl": {
          "start": {
            "line": 38,
            "column": 38
          },
          "end": {
            "line": 38,
            "column": 39
          }
        },
        "loc": {
          "start": {
            "line": 45,
            "column": 6
          },
          "end": {
            "line": 57,
            "column": 1
          }
        },
        "line": 45
      }
    },
    "branchMap": {
      "0": {
        "loc": {
          "start": {
            "line": 15,
            "column": 4
          },
          "end": {
            "line": 19,
            "column": 24
          }
        },
        "type": "cond-expr",
        "locations": [
          {
            "start": {
              "line": 16,
              "column": 8
            },
            "end": {
              "line": 16,
              "column": 22
            }
          },
          {
            "start": {
              "line": 17,
              "column": 8
            },
            "end": {
              "line": 19,
              "column": 24
            }
          }
        ],
        "line": 15
      },
      "1": {
        "loc": {
          "start": {
            "line": 17,
            "column": 8
          },
          "end": {
            "line": 19,
            "column": 24
          }
        },
        "type": "cond-expr",
        "locations": [
          {
            "start": {
              "line": 18,
              "column": 8
            },
            "end": {
              "line": 18,
              "column": 23
            }
          },
          {
            "start": {
              "line": 19,
              "column": 8
            },
            "end": {
              "line": 19,
              "column": 24
            }
          }
        ],
        "line": 17
      },
      "2": {
        "loc": {
          "start": {
            "line": 21,
            "column": 34
          },
          "end": {
            "line": 21,
            "column": 71
          }
        },
        "type": "cond-expr",
        "locations": [
          {
            "start": {
              "line": 21,
              "column": 50
            },
            "end": {
              "line": 21,
              "column": 59
            }
          },
          {
            "start": {
              "line": 21,
              "column": 62
            },
            "end": {
              "line": 21,
              "column": 71
            }
          }
        ],
        "line": 21
      },
      "3": {
        "loc": {
          "start": {
            "line": 23,
            "column": 25
          },
          "end": {
            "line": 23,
            "column": 49
          }
        },
        "type": "cond-expr",
        "locations": [
          {
            "start": {
              "line": 23,
              "column": 42
            },
            "end": {
              "line": 23,
              "column": 45
            }
          },
          {
            "start": {
              "line": 23,
              "column": 48
            },
            "end": {
              "line": 23,
              "column": 49
            }
          }
        ],
        "line": 23
      },
      "4": {
        "loc": {
          "start": {
            "line": 25,
            "column": 36
          },
          "end": {
            "line": 25,
            "column": 73
          }
        },
        "type": "cond-expr",
        "locations": [
          {
            "start": {
              "line": 25,
              "column": 52
            },
            "end": {
              "line": 25,
              "column": 61
            }
          },
          {
            "start": {
              "line": 25,
              "column": 64
            },
            "end": {
              "line": 25,
              "column": 73
            }
          }
        ],
        "line": 25
      },
      "5": {
        "loc": {
          "start": {
            "line": 30,
            "column": 6
          },
          "end": {
            "line": 34,
            "column": 26
          }
        },
        "type": "cond-expr",
        "locations": [
          {
            "start": {
              "line": 31,
              "column": 10
            },
            "end": {
              "line": 31,
              "column": 24
            }
          },
          {
            "start": {
              "line": 32,
              "column": 10
            },
            "end": {
              "line": 34,
              "column": 26
            }
          }
        ],
        "line": 30
      },
      "6": {
        "loc": {
          "start": {
            "line": 32,
            "column": 10
          },
          "end": {
            "line": 34,
            "column": 26
          }
        },
        "type": "cond-expr",
        "locations": [
          {
            "start": {
              "line": 33,
              "column": 10
            },
            "end": {
              "line": 33,
              "column": 24
            }
          },
          {
            "start": {
              "line": 34,
              "column": 10
            },
            "end": {
              "line": 34,
              "column": 26
            }
          }
        ],
        "line": 32
      }
    },
    "s": {
      "0": 7,
      "1": 27,
      "2": 27,
      "3": 27,
      "4": 27,
      "5": 27,
      "6": 27,
      "7": 7,
      "8": 27
    },
    "f": {
      "0": 27,
      "1": 27,
      "2": 27,
      "3": 27,
      "4": 27,
      "5": 27,
      "6": 27
    },
    "b": {
      "0": [
        4,
        23
      ],
      "1": [
        3,
        20
      ],
      "2": [
        16,
        11
      ],
      "3": [
        5,
        22
      ],
      "4": [
        16,
        11
      ],
      "5": [
        4,
        23
      ],
      "6": [
        3,
        20
      ]
    },
    "_coverageSchema": "1a1c01bbd47fc00a2c39e90264f33305004495a9",
    "hash": "4244736b5e36de13656920b978dfa2113ab73fad"
  }
}